<?xml version="1.0" encoding="UTF-8"?>
<!-- Generated by org.testng.reporters.JUnitReportReporter -->
<testsuite hostname="DESKTOP-BIDS1B8" failures="0" tests="1" name="com.spring.jdbc.SeleniumMAVEN.facebook" time="3.196" errors="0" timestamp="2023-11-24T12:25:31 IST" skipped="0">
  <testcase classname="com.spring.jdbc.SeleniumMAVEN.facebook" name="welcome" time="3.196"/>
  <system-out/>
</testsuite> <!-- com.spring.jdbc.SeleniumMAVEN.facebook -->
