<?xml version="1.0" encoding="UTF-8"?>
<!-- Generated by org.testng.reporters.JUnitReportReporter -->
<testsuite hostname="DESKTOP-BIDS1B8" failures="0" tests="2" name="com.spring.jdbc.SeleniumMAVEN.FirstDemo" time="0.028" errors="0" timestamp="2023-11-24T12:08:11 IST" skipped="0">
  <testcase classname="com.spring.jdbc.SeleniumMAVEN.FirstDemo" name="Hello" time="0.023"/>
  <system-out/>
  <testcase classname="com.spring.jdbc.SeleniumMAVEN.FirstDemo" name="Hello1" time="0.005"/>
  <system-out/>
</testsuite> <!-- com.spring.jdbc.SeleniumMAVEN.FirstDemo -->
