<?xml version="1.0" encoding="UTF-8"?>
<!-- Generated by org.testng.reporters.JUnitReportReporter -->
<testsuite hostname="DESKTOP-BIDS1B8" failures="0" tests="2" name="com.spring.jdbc.SeleniumMAVEN.GroupTest" time="6.550" errors="0" timestamp="2023-11-24T12:46:09 IST" skipped="0">
  <testcase classname="com.spring.jdbc.SeleniumMAVEN.GroupTest" name="launchChrome" time="6.200"/>
  <system-out/>
  <testcase classname="com.spring.jdbc.SeleniumMAVEN.GroupTest" name="loginWithChrome" time="0.350"/>
  <system-out/>
</testsuite> <!-- com.spring.jdbc.SeleniumMAVEN.GroupTest -->
